\BOOKMARK [1][-]{section.1}{Introduction}{}% 1
\BOOKMARK [2][-]{subsection.1.1}{Prospect Theory}{section.1}% 2
\BOOKMARK [3][-]{subsubsection.1.1.1}{Prospect Theory and Expected Utility}{subsection.1.1}% 3
\BOOKMARK [3][-]{subsubsection.1.1.2}{Cumulative Prospect Theory \(CPT\)}{subsection.1.1}% 4
\BOOKMARK [3][-]{subsubsection.1.1.3}{Replication}{subsection.1.1}% 5
\BOOKMARK [3][-]{subsubsection.1.1.4}{The parameters of Cumulative Prospect Theory}{subsection.1.1}% 6
\BOOKMARK [2][-]{subsection.1.2}{Emotions}{section.1}% 7
\BOOKMARK [3][-]{subsubsection.1.2.1}{Rationality and Emotions}{subsection.1.2}% 8
\BOOKMARK [3][-]{subsubsection.1.2.2}{Historical shift in understanding emotions}{subsection.1.2}% 9
\BOOKMARK [3][-]{subsubsection.1.2.3}{Eliciting Emotions}{subsection.1.2}% 10
\BOOKMARK [3][-]{subsubsection.1.2.4}{Videos}{subsection.1.2}% 11
\BOOKMARK [2][-]{subsection.1.3}{Prospect Theory under the influence of Emotion}{section.1}% 12
\BOOKMARK [2][-]{subsection.1.4}{Models and Procedure}{section.1}% 13
\BOOKMARK [3][-]{subsubsection.1.4.1}{Estimating parameters}{subsection.1.4}% 14
\BOOKMARK [3][-]{subsubsection.1.4.2}{Bayesian Approach and Results}{subsection.1.4}% 15
\BOOKMARK [2][-]{subsection.1.5}{Hypotheses}{section.1}% 16
\BOOKMARK [3][-]{subsubsection.1.5.1}{Manipulation checks}{subsection.1.5}% 17
\BOOKMARK [3][-]{subsubsection.1.5.2}{Cross study check}{subsection.1.5}% 18
\BOOKMARK [3][-]{subsubsection.1.5.3}{Hypothesis testing}{subsection.1.5}% 19
\BOOKMARK [1][-]{section.2}{Design Plan}{}% 20
\BOOKMARK [2][-]{subsection.2.1}{Blinding}{section.2}% 21
\BOOKMARK [2][-]{subsection.2.2}{Study Design}{section.2}% 22
\BOOKMARK [2][-]{subsection.2.3}{Randomization}{section.2}% 23
\BOOKMARK [1][-]{section.3}{Sampling Plan}{}% 24
\BOOKMARK [2][-]{subsection.3.1}{Data Collection Procedures}{section.3}% 25
\BOOKMARK [2][-]{subsection.3.2}{Sample Size}{section.3}% 26
\BOOKMARK [2][-]{subsection.3.3}{Stopping Rule}{section.3}% 27
\BOOKMARK [1][-]{section.4}{Variables}{}% 28
\BOOKMARK [2][-]{subsection.4.1}{Manipulated Variables}{section.4}% 29
\BOOKMARK [2][-]{subsection.4.2}{Measured Variables}{section.4}% 30
\BOOKMARK [2][-]{subsection.4.3}{Indices}{section.4}% 31
\BOOKMARK [1][-]{section.5}{Analysis Plan}{}% 32
\BOOKMARK [2][-]{subsection.5.1}{Statistical models}{section.5}% 33
\BOOKMARK [2][-]{subsection.5.2}{Transformations}{section.5}% 34
\BOOKMARK [2][-]{subsection.5.3}{Inference criteria}{section.5}% 35
\BOOKMARK [2][-]{subsection.5.4}{Data Exclusion}{section.5}% 36
